<?xml version="1.0" encoding="UTF-8"?>
<testsuite name="tests.RegistrationFormTests" tests="1" skipped="0" failures="0" errors="0" timestamp="2023-02-16T19:37:59" hostname="SINITSYN-AG" time="37.007">
  <properties/>
  <testcase name="successRegistrationTest()" classname="tests.RegistrationFormTests" time="37.007"/>
  <system-out><![CDATA[]]></system-out>
  <system-err><![CDATA[]]></system-err>
</testsuite>
