<?xml version="1.0" encoding="UTF-8"?>
<testsuite name="tests.RegistrationFormTests" tests="1" skipped="0" failures="0" errors="0" timestamp="2023-02-16T20:03:06" hostname="SINITSYN-AG" time="27.286">
  <properties/>
  <testcase name="successRegistrationTest()" classname="tests.RegistrationFormTests" time="27.286"/>
  <system-out><![CDATA[1e1a0ce4acf843babcffad9e4e99cabd
]]></system-out>
  <system-err><![CDATA[]]></system-err>
</testsuite>
